Arguments: 
  C:\Program Files\nodejs\node.exe C:\Program Files (x86)\Yarn\bin\yarn.js add react-navigation

PATH: 
  C:\Program Files (x86)\Intel\iCLS Client\;C:\Program Files\Intel\iCLS Client\;C:\Windows\system32;C:\Windows;C:\Windows\System32\Wbem;C:\Windows\System32\WindowsPowerShell\v1.0\;C:\Program Files (x86)\Intel\Intel(R) Management Engine Components\DAL;C:\Program Files\Intel\Intel(R) Management Engine Components\DAL;C:\Program Files (x86)\Intel\Intel(R) Management Engine Components\IPT;C:\Program Files\Intel\Intel(R) Management Engine Components\IPT;C:\Program Files\Intel\WiFi\bin\;C:\Program Files\Common Files\Intel\WirelessCommon\;C:\Program Files\nodejs\;C:\Program Files (x86)\Yarn\bin\;C:\Users\faiz.shahudin\AppData\Local\Microsoft\WindowsApps;;C:\Program Files\Microsoft VS Code\bin;C:\Users\faiz.shahudin\AppData\Roaming\npm;C:\Users\faiz.shahudin\AppData\Local\Yarn\bin

Yarn version: 
  1.5.1

Node version: 
  8.11.0

Platform: 
  win32 x64

npm manifest: 
  {
    "main": "node_modules/expo/AppEntry.js",
    "private": true,
    "dependencies": {
      "expo": "^26.0.0",
      "react": "16.3.0-alpha.1",
      "react-native": "https://github.com/expo/react-native/archive/sdk-26.0.0.tar.gz",
      "react-native-elements": "^0.19.1",
      "react-native-vector-icons": "^4.6.0",
      "react-redux": "^5.0.7",
      "redux": "^4.0.0",
      "redux-thunk": "^2.2.0"
    }
  }

yarn manifest: 
  No manifest

Lockfile: 
  No lockfile

Trace: 
  Error: Couldn't find the binary git
      at ProcessSpawnError.MessageError (C:\Program Files (x86)\Yarn\lib\cli.js:186:110)
      at new ProcessSpawnError (C:\Program Files (x86)\Yarn\lib\cli.js:201:118)
      at ChildProcess.<anonymous> (C:\Program Files (x86)\Yarn\lib\cli.js:30237:18)
      at emitOne (events.js:116:13)
      at ChildProcess.emit (events.js:211:7)
      at Process.ChildProcess._handle.onexit (internal/child_process.js:196:12)
      at onErrorNT (internal/child_process.js:372:16)
      at _combinedTickCallback (internal/process/next_tick.js:138:11)
      at process._tickCallback (internal/process/next_tick.js:180:9)
